<?xml version="1.0" encoding="UTF-8"?>
<!-- Generated by org.testng.reporters.JUnitReportReporter -->
<testsuite skipped="0" hostname="ABHI-Personal" name="Test.thirdDay" tests="3" failures="0" timestamp="12 Jul 2019 10:46:43 GMT" time="0.000" errors="0">
  <testcase name="LoginApiCarLoan" time="0.000" classname="Test.thirdDay"/>
  <testcase name="MobileLoginCarLoan" time="0.000" classname="Test.thirdDay"/>
  <testcase name="WebloginCarLoan" time="0.000" classname="Test.thirdDay"/>
</testsuite> <!-- Test.thirdDay -->
