<?xml version="1.0" encoding="UTF-8"?>
<!-- Generated by org.testng.reporters.JUnitReportReporter -->
<testsuite skipped="0" hostname="ABHI-Personal" name="Test.secondDay" tests="1" failures="0" timestamp="12 Jul 2019 10:46:43 GMT" time="0.000" errors="0">
  <testcase name="ploan" time="0.000" classname="Test.secondDay"/>
</testsuite> <!-- Test.secondDay -->
