<?xml version="1.0" encoding="UTF-8"?>
<!-- Generated by org.testng.reporters.JUnitReportReporter -->
<testsuite skipped="0" hostname="ABHI-Personal" name="Test.firstDay" tests="2" failures="0" timestamp="12 Jul 2019 10:46:43 GMT" time="0.016" errors="0">
  <testcase name="demo" time="0.016" classname="Test.firstDay"/>
  <testcase name="secondTest" time="0.000" classname="Test.firstDay"/>
</testsuite> <!-- Test.firstDay -->
